[2011-04-05 20:49:24] request.ERROR: No route found for "GET /psn" 
[2011-04-05 20:49:24] request.ERROR: Symfony\Component\HttpKernel\Exception\NotFoundHttpException: No route found for "GET /psn" (uncaught exception) 
[2011-04-05 20:49:24] request.INFO: Using controller "Symfony\Bundle\FrameworkBundle\Controller\ExceptionController::showAction" 
[2011-04-05 21:28:33] request.INFO: Matched route "_demo_secured_hello_admin" (parameters: {"_controller":"Acme\\DemoBundle\\Controller\\SecuredController::helloadminAction","name":"World","_route":"_demo_secured_hello_admin"}) 
[2011-04-05 21:28:33] request.INFO: Using controller "Acme\DemoBundle\Controller\SecuredController::helloadminAction" 
[2011-04-05 21:28:33] security.INFO: Access is denied (and user is neither anonymous, nor remember-me) 
[2011-04-05 21:28:33] request.ERROR: Symfony\Component\Security\Core\Exception\AccessDeniedException: Token does not have the required roles. (uncaught exception) 
[2011-04-05 21:28:33] request.INFO: Using controller "Symfony\Bundle\FrameworkBundle\Controller\ExceptionController::showAction" 
[2011-04-06 01:27:31] request.ERROR: No route found for "GET /w00tw00t.at.blackhats.romanian.anti-sec:)" 
[2011-04-06 01:27:31] request.ERROR: Symfony\Component\HttpKernel\Exception\NotFoundHttpException: No route found for "GET /w00tw00t.at.blackhats.romanian.anti-sec:)" (uncaught exception) 
[2011-04-06 01:27:31] request.INFO: Using controller "Symfony\Bundle\FrameworkBundle\Controller\ExceptionController::showAction" 
[2011-04-06 01:27:32] request.ERROR: No route found for "GET /phpMyAdmin/scripts/setup.php" 
[2011-04-06 01:27:32] request.ERROR: Symfony\Component\HttpKernel\Exception\NotFoundHttpException: No route found for "GET /phpMyAdmin/scripts/setup.php" (uncaught exception) 
[2011-04-06 01:27:32] request.INFO: Using controller "Symfony\Bundle\FrameworkBundle\Controller\ExceptionController::showAction" 
[2011-04-06 01:27:32] request.ERROR: No route found for "GET /phpmyadmin/scripts/setup.php" 
[2011-04-06 01:27:32] request.ERROR: Symfony\Component\HttpKernel\Exception\NotFoundHttpException: No route found for "GET /phpmyadmin/scripts/setup.php" (uncaught exception) 
[2011-04-06 01:27:32] request.INFO: Using controller "Symfony\Bundle\FrameworkBundle\Controller\ExceptionController::showAction" 
[2011-04-06 01:27:32] request.ERROR: No route found for "GET /pma/scripts/setup.php" 
[2011-04-06 01:27:32] request.ERROR: Symfony\Component\HttpKernel\Exception\NotFoundHttpException: No route found for "GET /pma/scripts/setup.php" (uncaught exception) 
[2011-04-06 01:27:32] request.INFO: Using controller "Symfony\Bundle\FrameworkBundle\Controller\ExceptionController::showAction" 
[2011-04-06 01:27:33] request.ERROR: No route found for "GET /myadmin/scripts/setup.php" 
[2011-04-06 01:27:33] request.ERROR: Symfony\Component\HttpKernel\Exception\NotFoundHttpException: No route found for "GET /myadmin/scripts/setup.php" (uncaught exception) 
[2011-04-06 01:27:33] request.INFO: Using controller "Symfony\Bundle\FrameworkBundle\Controller\ExceptionController::showAction" 
[2011-04-06 01:27:33] request.ERROR: No route found for "GET /MyAdmin/scripts/setup.php" 
[2011-04-06 01:27:33] request.ERROR: Symfony\Component\HttpKernel\Exception\NotFoundHttpException: No route found for "GET /MyAdmin/scripts/setup.php" (uncaught exception) 
[2011-04-06 01:27:33] request.INFO: Using controller "Symfony\Bundle\FrameworkBundle\Controller\ExceptionController::showAction" 
[2011-04-06 07:08:41] request.ERROR: No route found for "CONNECT 203.188.201.253:25" 
[2011-04-06 07:08:41] request.ERROR: Symfony\Component\HttpKernel\Exception\NotFoundHttpException: No route found for "CONNECT 203.188.201.253:25" (uncaught exception) 
[2011-04-06 07:08:41] request.INFO: Using controller "Symfony\Bundle\FrameworkBundle\Controller\ExceptionController::showAction" 
[2011-04-06 12:07:21] request.ERROR: No route found for "GET /psn/login" 
[2011-04-06 12:07:21] request.ERROR: Symfony\Component\HttpKernel\Exception\NotFoundHttpException: No route found for "GET /psn/login" (uncaught exception) 
[2011-04-06 12:07:21] request.INFO: Using controller "Symfony\Bundle\FrameworkBundle\Controller\ExceptionController::showAction" 
[2011-04-06 12:13:27] request.ERROR: No route found for "GET /demo/crear/Moises2" 
[2011-04-06 12:13:27] request.ERROR: Symfony\Component\HttpKernel\Exception\NotFoundHttpException: No route found for "GET /demo/crear/Moises2" (uncaught exception) 
[2011-04-06 12:13:27] request.INFO: Using controller "Symfony\Bundle\FrameworkBundle\Controller\ExceptionController::showAction" 
[2011-04-06 12:13:39] request.ERROR: No route found for "GET /demo/crear/hola" 
[2011-04-06 12:13:39] request.ERROR: Symfony\Component\HttpKernel\Exception\NotFoundHttpException: No route found for "GET /demo/crear/hola" (uncaught exception) 
[2011-04-06 12:13:39] request.INFO: Using controller "Symfony\Bundle\FrameworkBundle\Controller\ExceptionController::showAction" 
